Performing C SOURCE FILE Test CMAKE_HAVE_LIBC_PTHREAD failed with the following output:
Change Dir: /home/divenire/Divenire_ws/workingProgram/ORB_SLAM/ORB_SLAM2_detailed_comments/cmake-build-debug/CMakeFiles/CMakeTmp

Run Build Command(s):/usr/bin/make -f Makefile cmTC_d963f/fast && /usr/bin/make  -f CMakeFiles/cmTC_d963f.dir/build.make CMakeFiles/cmTC_d963f.dir/build
make[1]: Entering directory '/home/divenire/Divenire_ws/workingProgram/ORB_SLAM/ORB_SLAM2_detailed_comments/cmake-build-debug/CMakeFiles/CMakeTmp'
Building C object CMakeFiles/cmTC_d963f.dir/src.c.o
/usr/bin/cc -DCMAKE_HAVE_LIBC_PTHREAD  -Wall  -O3 -march=native   -o CMakeFiles/cmTC_d963f.dir/src.c.o -c /home/divenire/Divenire_ws/workingProgram/ORB_SLAM/ORB_SLAM2_detailed_comments/cmake-build-debug/CMakeFiles/CMakeTmp/src.c
Linking C executable cmTC_d963f
/home/divenire/.local/share/JetBrains/Toolbox/apps/CLion/ch-0/212.5457.51/bin/cmake/linux/bin/cmake -E cmake_link_script CMakeFiles/cmTC_d963f.dir/link.txt --verbose=1
/usr/bin/cc   -Wall  -O3 -march=native   -rdynamic CMakeFiles/cmTC_d963f.dir/src.c.o -o cmTC_d963f 
/usr/bin/ld: CMakeFiles/cmTC_d963f.dir/src.c.o: in function `main':
src.c:(.text.startup+0x29): undefined reference to `pthread_create'
/usr/bin/ld: src.c:(.text.startup+0x32): undefined reference to `pthread_detach'
/usr/bin/ld: src.c:(.text.startup+0x3b): undefined reference to `pthread_cancel'
/usr/bin/ld: src.c:(.text.startup+0x46): undefined reference to `pthread_join'
collect2: error: ld returned 1 exit status
make[1]: *** [CMakeFiles/cmTC_d963f.dir/build.make:99: cmTC_d963f] Error 1
make[1]: Leaving directory '/home/divenire/Divenire_ws/workingProgram/ORB_SLAM/ORB_SLAM2_detailed_comments/cmake-build-debug/CMakeFiles/CMakeTmp'
make: *** [Makefile:127: cmTC_d963f/fast] Error 2


Source file was:
#include <pthread.h>

static void* test_func(void* data)
{
  return data;
}

int main(void)
{
  pthread_t thread;
  pthread_create(&thread, NULL, test_func, NULL);
  pthread_detach(thread);
  pthread_cancel(thread);
  pthread_join(thread, NULL);
  pthread_atfork(NULL, NULL, NULL);
  pthread_exit(NULL);

  return 0;
}

Determining if the function pthread_create exists in the pthreads failed with the following output:
Change Dir: /home/divenire/Divenire_ws/workingProgram/ORB_SLAM/ORB_SLAM2_detailed_comments/cmake-build-debug/CMakeFiles/CMakeTmp

Run Build Command(s):/usr/bin/make -f Makefile cmTC_a78b9/fast && /usr/bin/make  -f CMakeFiles/cmTC_a78b9.dir/build.make CMakeFiles/cmTC_a78b9.dir/build
make[1]: Entering directory '/home/divenire/Divenire_ws/workingProgram/ORB_SLAM/ORB_SLAM2_detailed_comments/cmake-build-debug/CMakeFiles/CMakeTmp'
Building C object CMakeFiles/cmTC_a78b9.dir/CheckFunctionExists.c.o
/usr/bin/cc   -Wall  -O3 -march=native  -DCHECK_FUNCTION_EXISTS=pthread_create -o CMakeFiles/cmTC_a78b9.dir/CheckFunctionExists.c.o -c /home/divenire/.local/share/JetBrains/Toolbox/apps/CLion/ch-0/212.5457.51/bin/cmake/linux/share/cmake-3.20/Modules/CheckFunctionExists.c
Linking C executable cmTC_a78b9
/home/divenire/.local/share/JetBrains/Toolbox/apps/CLion/ch-0/212.5457.51/bin/cmake/linux/bin/cmake -E cmake_link_script CMakeFiles/cmTC_a78b9.dir/link.txt --verbose=1
/usr/bin/cc   -Wall  -O3 -march=native  -DCHECK_FUNCTION_EXISTS=pthread_create -rdynamic CMakeFiles/cmTC_a78b9.dir/CheckFunctionExists.c.o -o cmTC_a78b9  -lpthreads 
/usr/bin/ld: cannot find -lpthreads
collect2: error: ld returned 1 exit status
make[1]: *** [CMakeFiles/cmTC_a78b9.dir/build.make:99: cmTC_a78b9] Error 1
make[1]: Leaving directory '/home/divenire/Divenire_ws/workingProgram/ORB_SLAM/ORB_SLAM2_detailed_comments/cmake-build-debug/CMakeFiles/CMakeTmp'
make: *** [Makefile:127: cmTC_a78b9/fast] Error 2



